
https://blog.csdn.net/Hehuyi_In/article/details/123969861

重复查询/标量子查询改写为case when
https://blog.csdn.net/Hehuyi_In/article/details/124226091



create table t1 as select * from dba_objects;
create index ind_object_id on t1(object_id);
create index ind_object_name on t1(object_name);
create index ind_owner on t1(owner);
create index ind_object_type on t1(object_type);
 
create table t2 as select * from cdb_objects;
create index ind_object_id_2 on t2(object_id);
create index ind_object_name_2 on t2(object_name);
create index ind_owner_2 on t2(owner);
create index ind_object_type_2 on t2(object_type);


select 'O_SYS' as name,count(*) from t1 where owner='SYS'
union all
select 'O_SYSTEM' as name,count(*) from t1 where owner='SYSTEM'
union all
select 'T_TABLE' as name,count(*) from t1 where object_type='TABLE'
union all
select 'T_VIEW' as name,count(*) from t1 where object_type='VIEW';




PLAN_TABLE_OUTPUT                                                                                                                        
________________________________________________________________________________________________________________________________________ 
SQL_ID  d0ky04s7j6d3c, child number 0                                                                                                    
-------------------------------------                                                                                                    
select 'O_SYS' as name,count(*) from t1 where owner='SYS' union all                                                                      
select 'O_SYSTEM' as name,count(*) from t1 where owner='SYSTEM' union                                                                    
all select 'T_TABLE' as name,count(*) from t1 where object_type='TABLE'                                                                  
union all select 'T_VIEW' as name,count(*) from t1 where                                                                                 
object_type='VIEW'                                                                                                                       
                                                                                                                                         
Plan hash value: 3911004400                                                                                                              
                                                                                                                                         
-------------------------------------------------------------------------------------------------------------------------------------    
| Id  | Operation              | Name            | Starts | E-Rows | Cost (%CPU)| E-Time   | A-Rows |   A-Time   | Buffers | Reads  |    
-------------------------------------------------------------------------------------------------------------------------------------    
|   0 | SELECT STATEMENT       |                 |      1 |        |    79 (100)|          |      4 |00:00:00.03 |     195 |    162 |    
|   1 |  UNION-ALL             |                 |      1 |      4 |    79   (2)| 00:00:01 |      4 |00:00:00.03 |     195 |    162 |    
|   2 |   SORT AGGREGATE       |                 |      1 |      1 |            |          |      1 |00:00:00.02 |     164 |    149 |    
|*  3 |    INDEX FAST FULL SCAN| IND_OWNER       |      1 |  45059 |    44   (0)| 00:00:01 |  49799 |00:00:00.02 |     164 |    149 |    
|   4 |   SORT AGGREGATE       |                 |      1 |      1 |            |          |      1 |00:00:00.01 |       2 |      0 |    
|*  5 |    INDEX RANGE SCAN    | IND_OWNER       |      1 |     89 |     1   (0)| 00:00:01 |     89 |00:00:00.01 |       2 |      0 |    
|   6 |   SORT AGGREGATE       |                 |      1 |      1 |            |          |      1 |00:00:00.01 |       8 |      0 |    
|*  7 |    INDEX RANGE SCAN    | IND_OBJECT_TYPE |      1 |   2500 |     8   (0)| 00:00:01 |   2508 |00:00:00.01 |       8 |      0 |    
|   8 |   SORT AGGREGATE       |                 |      1 |      1 |            |          |      1 |00:00:00.01 |      21 |     13 |    
|*  9 |    INDEX RANGE SCAN    | IND_OBJECT_TYPE |      1 |   8459 |    25   (0)| 00:00:01 |   8446 |00:00:00.01 |      21 |     13 |    
------------------------------------------------------------------------------------------------------------------------------------- 




改写为case when避免重复扫描
select count(CASE WHEN owner='SYS' THEN 1 END) as O_SYS,
count(CASE WHEN owner='SYSTEM' THEN 1 END) as O_SYSTEM,
count(CASE WHEN object_type='TABLE' THEN 1 END) as T_TABLE,
count(CASE WHEN object_type='VIEW' THEN 1 END) as T_VIEW
from t1;


________________________________________________________________________________________________________________ 
SQL_ID  fafgc4rqun41x, child number 0                                                                            
-------------------------------------                                                                            
select count(CASE WHEN owner='SYS' THEN 1 END) as O_SYS, count(CASE                                              
WHEN owner='SYSTEM' THEN 1 END) as O_SYSTEM, count(CASE WHEN                                                     
object_type='TABLE' THEN 1 END) as T_TABLE, count(CASE WHEN                                                      
object_type='VIEW' THEN 1 END) as T_VIEW from t1                                                                 
                                                                                                                 
Plan hash value: 3724264953                                                                                      
                                                                                                                 
-------------------------------------------------------------------------------------------------------------    
| Id  | Operation          | Name | Starts | E-Rows | Cost (%CPU)| E-Time   | A-Rows |   A-Time   | Buffers |    
-------------------------------------------------------------------------------------------------------------    
|   0 | SELECT STATEMENT   |      |      1 |        |   416 (100)|          |      1 |00:00:00.01 |    1532 |    
|   1 |  SORT AGGREGATE    |      |      1 |      1 |            |          |      1 |00:00:00.01 |    1532 |    
|   2 |   TABLE ACCESS FULL| T1   |      1 |  68642 |   416   (1)| 00:00:01 |  70654 |00:00:00.01 |    1532 |    
-------------------------------------------------------------------------------------------------------------   


表也只扫描一次了，但是行列跟之前是反的。要跟之前一样的话需要用到行列转换函数 unpivot。

SQL> select count(CASE WHEN owner='SYS' THEN 1 END) as O_SYS,
  2  count(CASE WHEN owner='SYSTEM' THEN 2 END) as O_SYSTEM,
  3  count(CASE WHEN object_type='TABLE' THEN 3 END) as T_TABLE,
  4  count(CASE WHEN object_type='VIEW' THEN 4 END) as T_VIEW
  5* from t1;

   O_SYS    O_SYSTEM    T_TABLE    T_VIEW 
________ ___________ __________ _________ 
   49799          89       2508      8446 

SQL> 
SQL> select name,val from 
  2  (select count(CASE WHEN owner='SYS' THEN 1 END) as O_SYS,
  3  count(CASE WHEN owner='SYSTEM' THEN 1 END) as O_SYSTEM,
  4  count(CASE WHEN object_type='TABLE' THEN 1 END) as T_TABLE,
  5  count(CASE WHEN object_type='VIEW' THEN 1 END) as T_VIEW
  6  from t1
  7  )
  8* unpivot (val for name in (O_SYS,O_SYSTEM,T_TABLE,T_VIEW));

NAME             VAL 
___________ ________ 
O_SYS          49799 
O_SYSTEM          89 
T_TABLE         2508 
T_VIEW          8446 

SQL> 


select name,val from 
(select count(CASE WHEN owner='SYS' THEN 1 END) as O_SYS,
count(CASE WHEN owner='SYSTEM' THEN 1 END) as O_SYSTEM,
count(CASE WHEN object_type='TABLE' THEN 1 END) as T_TABLE,
count(CASE WHEN object_type='VIEW' THEN 1 END) as T_VIEW
from t1
)
unpivot (val for name in (O_SYS,O_SYSTEM,T_TABLE,T_VIEW));


___________________________________________________________________________________________________________________ 
SQL_ID  ad6txdhu5apsg, child number 0                                                                               
-------------------------------------                                                                               
select name,val from  (select count(CASE WHEN owner='SYS' THEN 1 END)                                               
as O_SYS, count(CASE WHEN owner='SYSTEM' THEN 1 END) as O_SYSTEM,                                                   
count(CASE WHEN object_type='TABLE' THEN 1 END) as T_TABLE, count(CASE                                              
WHEN object_type='VIEW' THEN 1 END) as T_VIEW from t1 ) unpivot (val                                                
for name in (O_SYS,O_SYSTEM,T_TABLE,T_VIEW))                                                                        
                                                                                                                    
Plan hash value: 3663772905                                                                                         
                                                                                                                    
----------------------------------------------------------------------------------------------------------------    
| Id  | Operation             | Name | Starts | E-Rows | Cost (%CPU)| E-Time   | A-Rows |   A-Time   | Buffers |    
----------------------------------------------------------------------------------------------------------------    
|   0 | SELECT STATEMENT      |      |      1 |        |   418 (100)|          |      4 |00:00:00.01 |    1532 |    
|*  1 |  VIEW                 |      |      1 |      4 |   418   (1)| 00:00:01 |      4 |00:00:00.01 |    1532 |    
|   2 |   UNPIVOT             |      |      1 |      2 |   418   (1)| 00:00:01 |      4 |00:00:00.01 |    1532 |    
|   3 |    VIEW               |      |      1 |      1 |   416   (1)| 00:00:01 |      1 |00:00:00.01 |    1532 |    
|   4 |     SORT AGGREGATE    |      |      1 |      1 |            |          |      1 |00:00:00.01 |    1532 |    
|   5 |      TABLE ACCESS FULL| T1   |      1 |  68642 |   416   (1)| 00:00:01 |  70654 |00:00:00.01 |    1532 |    
----------------------------------------------------------------------------------------------------------------  


####  简单的标量子查询改写
1. 改写规则
标量子查询 —— 在字段部分（select之后from之前）的子查询，典型例子：
select owner,(select object_name from t2 where t2.object_id = t1.object_id) from t1
如果主查询结果集小，一般不需要改写；某些特殊情况，还会将连接改写成标量子查询做优化
什么情况要改写：外层查询结果集大的时候。外层查询返回多少条非重复值，内层查询就要被循环执行多少次，类似于nest loop join。改为关联之后，在外层查询结果集大时就可以走上hash join，避免多次扫描
本质上还是小结果集走nest loop join，大结果集走hash join
当外层结果集大时，可以把标量子查询改为left join，另外原逻辑没有去重，所以改写后也不用。
为什么是left join？因为原逻辑是以外层表（左表）为基准，逐条匹配子查询表（右表）。换言之，最后返回的行数是要与左表一致的。
下面来看个实际的例子
2. 最简单的标量子查询改写
select owner,(select object_name from t2 where t2.object_id = t1.object_id) from t1


_____________________________________________________________________________________________________________________________________________________ 
SQL_ID  bgr08yf74kyv3, child number 0                                                                                                                 
-------------------------------------                                                                                                                 
select owner,(select object_name from t2 where t2.object_id =                                                                                         
t1.object_id) from t1                                                                                                                                 
                                                                                                                                                      
Plan hash value: 1543371833                                                                                                                           
                                                                                                                                                      
--------------------------------------------------------------------------------------------------------------------------------------------------    
| Id  | Operation                           | Name            | Starts | E-Rows | Cost (%CPU)| E-Time   | A-Rows |   A-Time   | Buffers | Reads  |    
--------------------------------------------------------------------------------------------------------------------------------------------------    
|   0 | SELECT STATEMENT                    |                 |      1 |        |   106K(100)|          |  70654 |00:00:00.02 |    6136 |      0 |    
|   1 |  TABLE ACCESS BY INDEX ROWID BATCHED| T2              |  70654 |    675 |     2   (0)| 00:00:01 |  70654 |00:00:00.20 |   12676 |    156 |    
|*  2 |   INDEX RANGE SCAN                  | IND_OBJECT_ID_2 |  70654 |    270 |     1   (0)| 00:00:01 |  70654 |00:00:00.16 |    6461 |    156 |    
|   3 |  TABLE ACCESS FULL                  | T1              |      1 |  68642 |   416   (1)| 00:00:01 |  70654 |00:00:00.02 |    6136 |      0 |    
--------------------------------------------------------------------------------------------------------------------------------------------------    


改写为left join

select t1.owner,t2.object_name from t1 left join t2 on t2.object_id = t1.object_id;

PLAN_TABLE_OUTPUT                                                                                                   
___________________________________________________________________________________________________________________ 
SQL_ID  6cc247r3hqt9u, child number 0                                                                               
-------------------------------------                                                                               
select t1.owner,t2.object_name from t1 left join t2 on t2.object_id =                                               
t1.object_id                                                                                                        
                                                                                                                    
Plan hash value: 312430291                                                                                          
                                                                                                                    
----------------------------------------------------------------------------------------------------------------    
| Id  | Operation             | Name | Starts | E-Rows | Cost (%CPU)| E-Time   | A-Rows |   A-Time   | Buffers |    
----------------------------------------------------------------------------------------------------------------    
|   0 | SELECT STATEMENT      |      |      1 |        |  1439 (100)|          |  70654 |00:00:00.04 |    7736 |    
|*  1 |  HASH JOIN RIGHT OUTER|      |      1 |  68643 |  1439   (1)| 00:00:01 |  70654 |00:00:00.04 |    7736 |    
|   2 |   TABLE ACCESS FULL   | T2   |      1 |  67522 |   435   (1)| 00:00:01 |  70659 |00:00:00.01 |    1600 |    
|   3 |   TABLE ACCESS FULL   | T1   |      1 |  68642 |   416   (1)| 00:00:01 |  70654 |00:00:00.01 |    6136 |    
----------------------------------------------------------------------------------------------------------------  


3. 加点条件的标量子查询
比最简单的加了一丢丢函数和条件，但改写原理是完全一样的

select owner,object_id ,
nvl((select object_name from t2 b where a.object_id=b.object_id),'unknown') as t2_name
from t1 a where owner not in ('SYS');

PLAN_TABLE_OUTPUT                                                                                                                            
____________________________________________________________________________________________________________________________________________ 
SQL_ID  f5dm6h4s6q13u, child number 0                                                                                                        
-------------------------------------                                                                                                        
select owner,object_id , nvl((select object_name from t2 b where                                                                             
a.object_id=b.object_id),'unknown') as t2_name from t1 a where owner                                                                         
not in ('SYS')                                                                                                                               
                                                                                                                                             
Plan hash value: 1543371833                                                                                                                  
                                                                                                                                             
-----------------------------------------------------------------------------------------------------------------------------------------    
| Id  | Operation                           | Name            | Starts | E-Rows | Cost (%CPU)| E-Time   | A-Rows |   A-Time   | Buffers |    
-----------------------------------------------------------------------------------------------------------------------------------------    
|   0 | SELECT STATEMENT                    |                 |      1 |        | 37519 (100)|          |  20855 |00:00:00.01 |    2894 |    
|   1 |  TABLE ACCESS BY INDEX ROWID BATCHED| T2              |  20855 |    675 |     2   (0)| 00:00:01 |  20855 |00:00:00.03 |    4084 |    
|*  2 |   INDEX RANGE SCAN                  | IND_OBJECT_ID_2 |  20855 |    270 |     1   (0)| 00:00:01 |  20855 |00:00:00.02 |    2069 |    
|*  3 |  TABLE ACCESS FULL                  | T1              |      1 |  23584 |   416   (1)| 00:00:01 |  20855 |00:00:00.01 |    2894 |    
-----------------------------------------------------------------------------------------------------------------------------------------    


改写后

select a.owner,a.object_id,nvl(b.object_name,'unknown') as t2_name
from t1 a left join t2 b
on a.object_id=b.object_id
where a.owner not in ('SYS');

SQL_ID  b5mj98amzxsuk, child number 0                                                                            
-------------------------------------                                                                            
select a.owner,a.object_id,nvl(b.object_name,'unknown') as t2_name from                                          
t1 a left join t2 b on a.object_id=b.object_id where a.owner not in                                              
('SYS')                                                                                                          
                                                                                                                 
Plan hash value: 1823443478                                                                                      
                                                                                                                 
-------------------------------------------------------------------------------------------------------------    
| Id  | Operation          | Name | Starts | E-Rows | Cost (%CPU)| E-Time   | A-Rows |   A-Time   | Buffers |    
-------------------------------------------------------------------------------------------------------------    
|   0 | SELECT STATEMENT   |      |      1 |        |  1245 (100)|          |  20855 |00:00:00.04 |    4488 |    
|*  1 |  HASH JOIN OUTER   |      |      1 |  23584 |  1245   (1)| 00:00:01 |  20855 |00:00:00.04 |    4488 |    
|*  2 |   TABLE ACCESS FULL| T1   |      1 |  23584 |   416   (1)| 00:00:01 |  20855 |00:00:00.01 |    1532 |    
|   3 |   TABLE ACCESS FULL| T2   |      1 |  67522 |   435   (1)| 00:00:01 |  70659 |00:00:00.01 |    2956 |    
-------------------------------------------------------------------------------------------------------------   


### oracle 12c lateral inline view

Oracle 12c中的Lateral Inline View是一种在SQL语句中引入的新特性。Lateral Inline View主要用于将子查询的结果集嵌套到外部查询中，并在子查询中使用外部查询中的列值，而不是像传统的内联视图那样，只能使用外部查询中已经存在的列。

Lateral Inline View在解决某些复杂查询时非常有用，因为它可以提高查询的效率和可读性。下面是一个使用Lateral Inline View的示例：


SELECT * FROM employees e, LATERAL (SELECT * FROM departments d WHERE e.department_id = d.department_id) d;

在这个例子中，Lateral Inline View将departments表与employees表连接，然后在子查询中使用了外部查询中的department_id列。这个查询会返回每个员工的详细信息，以及他们所属部门的详细信息。

需要注意的是，Lateral Inline View只能用于查询中的FROM子句中，并且只支持一次性访问子查询的结果集，所以如果您需要多次使用同一个子查询的结果集，就需要使用传统的内联视图来实现。

希望这个回答能够帮助您了解Oracle 12c中Lateral Inline View的用法。

SQL_ID  72sw5kwdfvhr2, child number 0                                                                                                   
-------------------------------------                                                                                                   
SELECT * FROM employees e, LATERAL (SELECT * FROM departments d WHERE                                                                   
e.department_id = d.department_id) d                                                                                                    
                                                                                                                                        
Plan hash value: 1021246405                                                                                                             
                                                                                                                                        
------------------------------------------------------------------------------------------------------------------------------------    
| Id  | Operation                    | Name              | Starts | E-Rows | Cost (%CPU)| E-Time   | A-Rows |   A-Time   | Buffers |    
------------------------------------------------------------------------------------------------------------------------------------    
|   0 | SELECT STATEMENT             |                   |      1 |        |     3 (100)|          |    106 |00:00:00.01 |      31 |    
|   1 |  NESTED LOOPS                |                   |      1 |    106 |     3   (0)| 00:00:01 |    106 |00:00:00.01 |      31 |    
|   2 |   NESTED LOOPS               |                   |      1 |    270 |     3   (0)| 00:00:01 |    106 |00:00:00.01 |      19 |    
|   3 |    TABLE ACCESS FULL         | DEPARTMENTS       |      1 |     27 |     3   (0)| 00:00:01 |     27 |00:00:00.01 |      10 |    
|*  4 |    INDEX RANGE SCAN          | EMP_DEPARTMENT_IX |     27 |     10 |     0   (0)|          |    106 |00:00:00.01 |       9 |    
|   5 |   TABLE ACCESS BY INDEX ROWID| EMPLOYEES         |    106 |      4 |     0   (0)|          |    106 |00:00:00.01 |      12 |    
------------------------------------------------------------------------------------------------------------------------------------ 



SELECT * FROM employees e, departments d WHERE e.department_id = d.department_id;



#### 内联视图(in-line view）：

在select语句里的内联视图(in-line view），即SELECT * FROM (<select clause> )，例如
SELECT * 
  FROM ( SELECT department_id, count(*) emp_count
         FROM employees
         GROUP BY department_id ) e,
       departments d
 WHERE d.department_id = e.department_id;
其中，
( SELECT department_id, count(*) emp_count
         FROM employees
         GROUP BY department_id )

就是所谓的内联视图(in-line view）。

-------------------------------------------------------------------------------------------------------------------------------------    
| Id  | Operation                     | Name              | Starts | E-Rows | Cost (%CPU)| E-Time   | A-Rows |   A-Time   | Buffers |    
-------------------------------------------------------------------------------------------------------------------------------------    
|   0 | SELECT STATEMENT              |                   |      1 |        |     2 (100)|          |     11 |00:00:00.01 |     111 |    
|   1 |  HASH GROUP BY                |                   |      1 |    106 |     2  (50)| 00:00:01 |     11 |00:00:00.01 |     111 |    
|   2 |   NESTED LOOPS                |                   |      1 |    106 |     1   (0)| 00:00:01 |    106 |00:00:00.01 |     111 |    
|   3 |    NESTED LOOPS               |                   |      1 |    107 |     1   (0)| 00:00:01 |    106 |00:00:00.01 |       5 |    
|   4 |     INDEX FULL SCAN           | EMP_DEPARTMENT_IX |      1 |    107 |     1   (0)| 00:00:01 |    106 |00:00:00.01 |       1 |    
|*  5 |     INDEX UNIQUE SCAN         | DEPT_ID_PK        |    106 |      1 |     0   (0)|          |    106 |00:00:00.01 |       4 |    
|   6 |    TABLE ACCESS BY INDEX ROWID| DEPARTMENTS       |    106 |      1 |     0   (0)|          |    106 |00:00:00.01 |     106 |    
-------------------------------------------------------------------------------------------------------------------------------------   
Query Block Name / Object Alias (identified by operation id):                                                                            
-------------------------------------------------------------                                                                            
                                                                                                                                         
   1 - SEL$F5BB74E1                                                                                                                      
   4 - SEL$F5BB74E1 / "EMPLOYEES"@"SEL$2"                                                                                                
   5 - SEL$F5BB74E1 / "D"@"SEL$1"                                                                                                        
   6 - SEL$F5BB74E1 / "D"@"SEL$1"            

Query Block Registry:                                                                                                                    
---------------------                                                                                                                    
                                                                                                                                         
  SEL$1 (PARSER)                                                                                                                         
    SEL$F5BB74E1 (VIEW MERGE SEL$1 ; SEL$2) [FINAL]                                                                                      
  SEL$2 (PARSER)     

在DML语句里的内联视图(in-line view），例如

insert into (<select clause> ) values (...)，其具体示例如下：
insert into (select object_id,object_name,object_type from xxx where object_id<1000)
values(1001,'testbyhao','testtype');

普通视图
我们平时说的视图指的是create view语句创建的视图类型，我们暂且称其为普通视图。例如，

CREATE  VIEW  empvu30
 AS SELECT  employee_id, last_name, salary
 FROM    employees
WHERE   department_id = 30;




